2021-07-15 22:32:49 INFO  Log:20 - Starting Testing ...TestSuite is starting
2021-07-15 22:32:49 INFO  Log:30 - Setting up test execution
2021-07-15 22:32:52 INFO  Log:30 - Opening Browser
2021-07-15 22:32:52 INFO  Log:30 - Going to https://www.saucedemo.com/
2021-07-15 22:34:48 INFO  Log:30 - Verifying presence of Username Field
2021-07-15 22:34:53 FATAL Log:40 - Element is not found during execution org.openqa.selenium.TimeoutException: Expected condition failed: waiting for presence of element located by: By.xpath: //input[@name='user-name'] (tried for 5 second(s) with 500 milliseconds interval)
2021-07-15 22:34:53 INFO  Log:30 - Field 'username' found
2021-07-15 22:34:53 INFO  Log:30 - Verifying presence of Password Field
2021-07-15 22:34:58 FATAL Log:40 - Element is not found during execution org.openqa.selenium.TimeoutException: Expected condition failed: waiting for presence of element located by: By.xpath: //input[@name='password'] (tried for 5 second(s) with 500 milliseconds interval)
2021-07-15 22:34:58 INFO  Log:30 - Field 'password' found
2021-07-15 22:34:58 INFO  Log:30 - Verifying presence of Login Button
2021-07-15 22:35:04 FATAL Log:40 - Element is not found during execution org.openqa.selenium.TimeoutException: Expected condition failed: waiting for presence of element located by: By.xpath: //input[@name='login-button'] (tried for 5 second(s) with 500 milliseconds interval)
2021-07-15 22:35:04 INFO  Log:30 - Button 'login' found
2021-07-15 22:35:04 INFO  Log:30 - Going to https://www.saucedemo.com/
2021-07-15 22:35:15 INFO  Log:30 - Going to https://www.saucedemo.com/
2021-07-15 22:35:16 INFO  Log:30 - Going to https://www.saucedemo.com/
2021-07-15 22:35:16 INFO  Log:30 - Going to https://www.saucedemo.com/
2021-07-15 22:35:16 INFO  Log:30 - Going to https://www.saucedemo.com/
2021-07-15 22:35:18 INFO  Log:30 - Going to https://www.saucedemo.com/
2021-07-15 22:35:19 INFO  Log:30 - Going to https://www.saucedemo.com/
2021-07-15 22:35:19 INFO  Log:25 - Ending Testing ...TestSuite is closing
